2025-06-29 02:25:07,956:DEBUG:certbot._internal.main:certbot version: 4.1.1
2025-06-29 02:25:07,957:DEBUG:certbot._internal.main:Location of certbot entry point: /usr/local/bin/certbot
2025-06-29 02:25:07,957:DEBUG:certbot._internal.main:Arguments: ['--webroot', '-w', '/var/www/certbot', '--staging', '--email', 'lullulalal@gmail.com', '-d', '138.199.215.9.nip.io', '--rsa-key-size', '4096', '--agree-tos', '--force-renewal']
2025-06-29 02:25:07,957:DEBUG:certbot._internal.main:Discovered plugins: PluginsRegistry(PluginEntryPoint#manual,PluginEntryPoint#null,PluginEntryPoint#standalone,PluginEntryPoint#webroot)
2025-06-29 02:25:07,984:DEBUG:certbot._internal.log:Root logging level set at 30
2025-06-29 02:25:07,985:DEBUG:certbot._internal.plugins.selection:Requested authenticator webroot and installer None
2025-06-29 02:25:07,986:DEBUG:certbot._internal.plugins.selection:Single candidate plugin: * webroot
Description: Saves the necessary validation files to a .well-known/acme-challenge/ directory within the nominated webroot path. A separate HTTP server must be running and serving files from the webroot path. HTTP challenge only (wildcards not supported).
Interfaces: Authenticator, Plugin
Entry point: EntryPoint(name='webroot', value='certbot._internal.plugins.webroot:Authenticator', group='certbot.plugins')
Initialized: <certbot._internal.plugins.webroot.Authenticator object at 0x77be5cb5d6a0>
Prep: True
2025-06-29 02:25:07,986:DEBUG:certbot._internal.plugins.selection:Selected authenticator <certbot._internal.plugins.webroot.Authenticator object at 0x77be5cb5d6a0> and installer None
2025-06-29 02:25:07,986:INFO:certbot._internal.plugins.selection:Plugins selected: Authenticator webroot, Installer None
2025-06-29 02:25:08,353:DEBUG:certbot._internal.main:Picked account: <Account(RegistrationResource(body=Registration(key=None, contact=(), agreement=None, status=None, terms_of_service_agreed=None, only_return_existing=None, external_account_binding=None), uri='https://acme-staging-v02.api.letsencrypt.org/acme/acct/209068933', new_authzr_uri=None, terms_of_service=None), 627109248bff31f371030b8194f1bdce, Meta(creation_dt=datetime.datetime(2025, 6, 29, 1, 54, 6, tzinfo=datetime.timezone.utc), creation_host='e0c3d1533141', register_to_eff=None))>
2025-06-29 02:25:08,355:DEBUG:acme.client:Sending GET request to https://acme-staging-v02.api.letsencrypt.org/directory.
2025-06-29 02:25:08,357:DEBUG:urllib3.connectionpool:Starting new HTTPS connection (1): acme-staging-v02.api.letsencrypt.org:443
2025-06-29 02:25:08,801:DEBUG:urllib3.connectionpool:https://acme-staging-v02.api.letsencrypt.org:443 "GET /directory HTTP/1.1" 200 1086
2025-06-29 02:25:08,803:DEBUG:acme.client:Received response:
HTTP 200
Server: nginx
Date: Sun, 29 Jun 2025 02:25:08 GMT
Content-Type: application/json
Content-Length: 1086
Connection: keep-alive
Cache-Control: public, max-age=0, no-cache
X-Frame-Options: DENY
Strict-Transport-Security: max-age=604800

{
  "IQ3Fx7cstdQ": "https://community.letsencrypt.org/t/adding-random-entries-to-the-directory/33417",
  "keyChange": "https://acme-staging-v02.api.letsencrypt.org/acme/key-change",
  "meta": {
    "caaIdentities": [
      "letsencrypt.org"
    ],
    "profiles": {
      "classic": "https://letsencrypt.org/docs/profiles#classic",
      "shortlived": "https://letsencrypt.org/docs/profiles#shortlived (not yet generally available)",
      "tlsserver": "https://letsencrypt.org/docs/profiles#tlsserver"
    },
    "termsOfService": "https://letsencrypt.org/documents/LE-SA-v1.5-February-24-2025.pdf",
    "website": "https://letsencrypt.org/docs/staging-environment/"
  },
  "newAccount": "https://acme-staging-v02.api.letsencrypt.org/acme/new-acct",
  "newNonce": "https://acme-staging-v02.api.letsencrypt.org/acme/new-nonce",
  "newOrder": "https://acme-staging-v02.api.letsencrypt.org/acme/new-order",
  "renewalInfo": "https://acme-staging-v02.api.letsencrypt.org/draft-ietf-acme-ari-03/renewalInfo",
  "revokeCert": "https://acme-staging-v02.api.letsencrypt.org/acme/revoke-cert"
}
2025-06-29 02:25:08,811:DEBUG:certbot._internal.cert_manager:Renewal conf file /etc/letsencrypt/renewal/138.199.215.9.nip.io.conf is broken. Skipping.
2025-06-29 02:25:08,814:DEBUG:certbot._internal.cert_manager:Traceback was:
Traceback (most recent call last):
  File "/opt/certbot/src/certbot/src/certbot/_internal/cert_manager.py", line 421, in _search_lineages
    candidate_lineage = storage.RenewableCert(renewal_file, cli_config)
                        ^^^^^^^^^^^^^^^^^^^^^^^^^^^^^^^^^^^^^^^^^^^^^^^
  File "/opt/certbot/src/certbot/src/certbot/_internal/storage.py", line 491, in __init__
    self._check_symlinks()
  File "/opt/certbot/src/certbot/src/certbot/_internal/storage.py", line 570, in _check_symlinks
    raise errors.CertStorageError(
certbot.errors.CertStorageError: expected /etc/letsencrypt/live/138.199.215.9.nip.io/cert.pem to be a symlink

2025-06-29 02:25:08,821:DEBUG:acme.client:Sending GET request to https://acme-staging-v02.api.letsencrypt.org/directory.
2025-06-29 02:25:08,823:DEBUG:urllib3.connectionpool:Starting new HTTPS connection (1): acme-staging-v02.api.letsencrypt.org:443
2025-06-29 02:25:09,255:DEBUG:urllib3.connectionpool:https://acme-staging-v02.api.letsencrypt.org:443 "GET /directory HTTP/1.1" 200 1086
2025-06-29 02:25:09,256:DEBUG:acme.client:Received response:
HTTP 200
Server: nginx
Date: Sun, 29 Jun 2025 02:25:09 GMT
Content-Type: application/json
Content-Length: 1086
Connection: keep-alive
Cache-Control: public, max-age=0, no-cache
X-Frame-Options: DENY
Strict-Transport-Security: max-age=604800

{
  "keyChange": "https://acme-staging-v02.api.letsencrypt.org/acme/key-change",
  "l5CMI3kbPbs": "https://community.letsencrypt.org/t/adding-random-entries-to-the-directory/33417",
  "meta": {
    "caaIdentities": [
      "letsencrypt.org"
    ],
    "profiles": {
      "classic": "https://letsencrypt.org/docs/profiles#classic",
      "shortlived": "https://letsencrypt.org/docs/profiles#shortlived (not yet generally available)",
      "tlsserver": "https://letsencrypt.org/docs/profiles#tlsserver"
    },
    "termsOfService": "https://letsencrypt.org/documents/LE-SA-v1.5-February-24-2025.pdf",
    "website": "https://letsencrypt.org/docs/staging-environment/"
  },
  "newAccount": "https://acme-staging-v02.api.letsencrypt.org/acme/new-acct",
  "newNonce": "https://acme-staging-v02.api.letsencrypt.org/acme/new-nonce",
  "newOrder": "https://acme-staging-v02.api.letsencrypt.org/acme/new-order",
  "renewalInfo": "https://acme-staging-v02.api.letsencrypt.org/draft-ietf-acme-ari-03/renewalInfo",
  "revokeCert": "https://acme-staging-v02.api.letsencrypt.org/acme/revoke-cert"
}
2025-06-29 02:25:09,258:DEBUG:certbot._internal.renewal:Auto-renewal forced with --force-renewal...
2025-06-29 02:25:09,260:DEBUG:certbot._internal.display.obj:Notifying user: Renewing an existing certificate for 138.199.215.9.nip.io
2025-06-29 02:25:09,265:DEBUG:acme.client:Requesting fresh nonce
2025-06-29 02:25:09,266:DEBUG:acme.client:Sending HEAD request to https://acme-staging-v02.api.letsencrypt.org/acme/new-nonce.
2025-06-29 02:25:09,410:DEBUG:urllib3.connectionpool:https://acme-staging-v02.api.letsencrypt.org:443 "HEAD /acme/new-nonce HTTP/1.1" 200 0
2025-06-29 02:25:09,411:DEBUG:acme.client:Received response:
HTTP 200
Server: nginx
Date: Sun, 29 Jun 2025 02:25:09 GMT
Connection: keep-alive
Cache-Control: public, max-age=0, no-cache
Link: <https://acme-staging-v02.api.letsencrypt.org/directory>;rel="index"
Replay-Nonce: ucHVr3cr9FlxKwXw5yx5xXAGymvyL4nnog-bnvhKS5-0gO589mk
X-Frame-Options: DENY
Strict-Transport-Security: max-age=604800


2025-06-29 02:25:09,412:DEBUG:acme.client:Storing nonce: ucHVr3cr9FlxKwXw5yx5xXAGymvyL4nnog-bnvhKS5-0gO589mk
2025-06-29 02:25:09,413:DEBUG:acme.client:JWS payload:
b'{\n  "identifiers": [\n    {\n      "type": "dns",\n      "value": "138.199.215.9.nip.io"\n    }\n  ]\n}'
2025-06-29 02:25:09,431:DEBUG:acme.client:Sending POST request to https://acme-staging-v02.api.letsencrypt.org/acme/new-order:
{
  "protected": "eyJhbGciOiAiUlMyNTYiLCAia2lkIjogImh0dHBzOi8vYWNtZS1zdGFnaW5nLXYwMi5hcGkubGV0c2VuY3J5cHQub3JnL2FjbWUvYWNjdC8yMDkwNjg5MzMiLCAibm9uY2UiOiAidWNIVnIzY3I5Rmx4S3dYdzV5eDV4WEFHeW12eUw0bm5vZy1ibnZoS1M1LTBnTzU4OW1rIiwgInVybCI6ICJodHRwczovL2FjbWUtc3RhZ2luZy12MDIuYXBpLmxldHNlbmNyeXB0Lm9yZy9hY21lL25ldy1vcmRlciJ9",
  "signature": "Otpq7XqshRIZlw_8Ov1Edr4n_HSSzeOIiYQSXXwsbZB2_V9-HkQ1YO9246wUp3VPy4--ajqZCP3R49JGEwoil3p8m0HGPzIjBwmpGDm6VRNQPkpELyP1mbr7RHaaO-wtaL9ztFlohgGMIBCrboaGKT0O-1Ms69LCpLlWS7fUHhYhYhe3f7XEnWf6ThiA076s5-L1eF7lKGmAU0V3pakY4FLoNKSGyiH0avlejSkghoQFXSZfFahlodgiM7T9s_dT2_Z_1md1f0PWV7Z77RuiTDZ0Fph-zNn_Ndkr5Y2O33Bh_7qEtJyNelOj91643tyI_SiQqLaEu6C2YjtffkcVjfatRIpVUkMkMh0lpaAn0QsujLVOBVrwCDaCP5Fa66gJd_oMWOyql1Q0ND_K1iNLxTI7ALLBpBNUqjTwlSXFqpgGREhby1VdBUhTFpMygt8XN6mwRi2gzewfUetqJBiZWWOz_d7GphZhV5Jd6EqF2wivuxGe1eOy9_UnhMYc_uDtPCmwy_6jWTo3r92CApHlgLwEMJVX1BcvcXJ4pkNgqry71SlUdLLRnKlmYkTbde0cT-uclc_yfdmjl9fwkfmKu3--SJ5oknzXO0J0rP_0-2SIi9mda9COhwfCfHA2mVjp9rpCPMEh7_0ci_qIbb_PyjfjRdKbTBzdb1gIwLldakc",
  "payload": "ewogICJpZGVudGlmaWVycyI6IFsKICAgIHsKICAgICAgInR5cGUiOiAiZG5zIiwKICAgICAgInZhbHVlIjogIjEzOC4xOTkuMjE1LjkubmlwLmlvIgogICAgfQogIF0KfQ"
}
2025-06-29 02:25:09,582:DEBUG:urllib3.connectionpool:https://acme-staging-v02.api.letsencrypt.org:443 "POST /acme/new-order HTTP/1.1" 201 364
2025-06-29 02:25:09,584:DEBUG:acme.client:Received response:
HTTP 201
Server: nginx
Date: Sun, 29 Jun 2025 02:25:09 GMT
Content-Type: application/json
Content-Length: 364
Connection: keep-alive
Boulder-Requester: 209068933
Cache-Control: public, max-age=0, no-cache
Link: <https://acme-staging-v02.api.letsencrypt.org/directory>;rel="index"
Location: https://acme-staging-v02.api.letsencrypt.org/acme/order/209068933/25693887853
Replay-Nonce: BaOXDhQIlMTKBhiqvaJH1JMUY1vV8FJZr9F3bAARlq0mM_E91i0
X-Frame-Options: DENY
Strict-Transport-Security: max-age=604800

{
  "status": "ready",
  "expires": "2025-07-06T02:25:09Z",
  "identifiers": [
    {
      "type": "dns",
      "value": "138.199.215.9.nip.io"
    }
  ],
  "authorizations": [
    "https://acme-staging-v02.api.letsencrypt.org/acme/authz/209068933/18278617823"
  ],
  "finalize": "https://acme-staging-v02.api.letsencrypt.org/acme/finalize/209068933/25693887853"
}
2025-06-29 02:25:09,584:DEBUG:acme.client:Storing nonce: BaOXDhQIlMTKBhiqvaJH1JMUY1vV8FJZr9F3bAARlq0mM_E91i0
2025-06-29 02:25:09,585:DEBUG:acme.client:JWS payload:
b''
2025-06-29 02:25:09,603:DEBUG:acme.client:Sending POST request to https://acme-staging-v02.api.letsencrypt.org/acme/authz/209068933/18278617823:
{
  "protected": "eyJhbGciOiAiUlMyNTYiLCAia2lkIjogImh0dHBzOi8vYWNtZS1zdGFnaW5nLXYwMi5hcGkubGV0c2VuY3J5cHQub3JnL2FjbWUvYWNjdC8yMDkwNjg5MzMiLCAibm9uY2UiOiAiQmFPWERoUUlsTVRLQmhpcXZhSkgxSk1VWTF2VjhGSlpyOUYzYkFBUmxxMG1NX0U5MWkwIiwgInVybCI6ICJodHRwczovL2FjbWUtc3RhZ2luZy12MDIuYXBpLmxldHNlbmNyeXB0Lm9yZy9hY21lL2F1dGh6LzIwOTA2ODkzMy8xODI3ODYxNzgyMyJ9",
  "signature": "a_BzCjYR4AEkvkA-4l8wQ8Hr462WF_TfSIl-kkS4e6JeLl7pqgVHTAz5iOD6WI0NX6CtXOEC16yUsjIk9w7FUUhTjDqZHbDneR4E7-kyd6-bE_cVPfmkiYcqM9O4_W6C4z4yqzgXWGmi5fyZQINZ7AzPVV88R5wnOiy_ceDyKZCr0JdjGA8zqt4yDYB-0sXGVPTcgLbotCjgZbfXtktCQYLnsWrbJ6rT9BnwJE8wfVQCkd6lJvYzxTefQ2i50HptIfRwvTdanqyXYgsX0EboaZlo5FX8ISOxNa27DVWXLt5d2hCc6YYJqV94huWCbZ9kYIK-JCVhVv07iCvz8Mqbx6geP_xgpIjMNXbGY9lM8q800QpzHuw6aUjjnc9MqJfwweGLepGOZak74Zw6kDEQL_YIvmK3sN1t0C6qRj1B5_dBZk4KijShbu-6SUv3r3xeonTk2MISqC8WCR_YnHHoj52AXZKJgnhvsJdWwbpZDHeTY-LXypk7D_BbxiBwyI1-WDc2EKYN8hI_0rZYvFGkRgng-ra2tnofYwqaY5Q949C3d84RzCjf11qxO9zchlB19hYD7tVQmXx19R6uoe5SncR7qXkjTDd1DA7LcJLh4g4Te12sxw0smnuO9voDuCoRZ177xbMtN7LCiCVEIUp-DqCAVb7M0fy4Isx-H9FncEo",
  "payload": ""
}
2025-06-29 02:25:09,759:DEBUG:urllib3.connectionpool:https://acme-staging-v02.api.letsencrypt.org:443 "POST /acme/authz/209068933/18278617823 HTTP/1.1" 200 789
2025-06-29 02:25:09,760:DEBUG:acme.client:Received response:
HTTP 200
Server: nginx
Date: Sun, 29 Jun 2025 02:25:09 GMT
Content-Type: application/json
Content-Length: 789
Connection: keep-alive
Boulder-Requester: 209068933
Cache-Control: public, max-age=0, no-cache
Link: <https://acme-staging-v02.api.letsencrypt.org/directory>;rel="index"
Replay-Nonce: BaOXDhQILJ2cor8hps2w7UP1pegpyMvIotzzb_nEwlJsx3xwju4
X-Frame-Options: DENY
Strict-Transport-Security: max-age=604800

{
  "identifier": {
    "type": "dns",
    "value": "138.199.215.9.nip.io"
  },
  "status": "valid",
  "expires": "2025-07-29T01:55:31Z",
  "challenges": [
    {
      "type": "http-01",
      "url": "https://acme-staging-v02.api.letsencrypt.org/acme/chall/209068933/18278617823/vneAHg",
      "status": "valid",
      "validated": "2025-06-29T01:55:29Z",
      "token": "uedgM2-OUIxv8FKEwe5tubqjDGscyegtN1JulEeE5cs",
      "validationRecord": [
        {
          "url": "http://138.199.215.9.nip.io/.well-known/acme-challenge/uedgM2-OUIxv8FKEwe5tubqjDGscyegtN1JulEeE5cs",
          "hostname": "138.199.215.9.nip.io",
          "port": "80",
          "addressesResolved": [
            "138.199.215.9"
          ],
          "addressUsed": "138.199.215.9"
        }
      ]
    }
  ]
}
2025-06-29 02:25:09,760:DEBUG:acme.client:Storing nonce: BaOXDhQILJ2cor8hps2w7UP1pegpyMvIotzzb_nEwlJsx3xwju4
2025-06-29 02:25:09,761:DEBUG:certbot._internal.client:CSR: CSR(file=None, data=b'-----BEGIN CERTIFICATE REQUEST-----\nMIHsMIGUAgEAMAAwWTATBgcqhkjOPQIBBggqhkjOPQMBBwNCAAQEuDoQXCxLkU2x\nwah5dHD8Xu/FbVUtyYqE4PFvteLrQnKvxcgMDDjOegD1uULOfoDW6rN4DltMLFHN\ns6XDzCzWoDIwMAYJKoZIhvcNAQkOMSMwITAfBgNVHREEGDAWghQxMzguMTk5LjIx\nNS45Lm5pcC5pbzAKBggqhkjOPQQDAgNHADBEAiBdFl4ueMtl6iDQtne/1Cr+TEuG\nAFUbA39zi+HEXGfKWAIgZQ4jmjnZe7QPeJtFfh0CSWcflNMKJUj24jyi5bhgxgM=\n-----END CERTIFICATE REQUEST-----\n', form='pem')
2025-06-29 02:25:09,762:DEBUG:certbot._internal.client:Will poll for certificate issuance until 2025-06-29 02:26:39.762142
2025-06-29 02:25:09,763:DEBUG:acme.client:JWS payload:
b'{\n  "csr": "MIHsMIGUAgEAMAAwWTATBgcqhkjOPQIBBggqhkjOPQMBBwNCAAQEuDoQXCxLkU2xwah5dHD8Xu_FbVUtyYqE4PFvteLrQnKvxcgMDDjOegD1uULOfoDW6rN4DltMLFHNs6XDzCzWoDIwMAYJKoZIhvcNAQkOMSMwITAfBgNVHREEGDAWghQxMzguMTk5LjIxNS45Lm5pcC5pbzAKBggqhkjOPQQDAgNHADBEAiBdFl4ueMtl6iDQtne_1Cr-TEuGAFUbA39zi-HEXGfKWAIgZQ4jmjnZe7QPeJtFfh0CSWcflNMKJUj24jyi5bhgxgM"\n}'
2025-06-29 02:25:09,772:DEBUG:acme.client:Sending POST request to https://acme-staging-v02.api.letsencrypt.org/acme/finalize/209068933/25693887853:
{
  "protected": "eyJhbGciOiAiUlMyNTYiLCAia2lkIjogImh0dHBzOi8vYWNtZS1zdGFnaW5nLXYwMi5hcGkubGV0c2VuY3J5cHQub3JnL2FjbWUvYWNjdC8yMDkwNjg5MzMiLCAibm9uY2UiOiAiQmFPWERoUUlMSjJjb3I4aHBzMnc3VVAxcGVncHlNdklvdHp6Yl9uRXdsSnN4M3h3anU0IiwgInVybCI6ICJodHRwczovL2FjbWUtc3RhZ2luZy12MDIuYXBpLmxldHNlbmNyeXB0Lm9yZy9hY21lL2ZpbmFsaXplLzIwOTA2ODkzMy8yNTY5Mzg4Nzg1MyJ9",
  "signature": "QKCpR5cPHQeCJSJjuN7dRBknN0EfGFrFlh-w_ERh9KmJIa0kfngYP7mTCAHWZWrQSk49HFdOFEc7OIexbPNHTL_pzAXpBV2dcDMAEbWtkHhMVKIq70nc7bzS193feIcpaGYO084AUYPGbHcbeGur32JZ03ONbG43CJhiRfWgr5TvDtDmdS54RvwiETDVNEZCZwaDWWrtpbFVuz0nc_Eokud-fbpfo77rd4NGzknVa9pKqmrCyuIMhPLszc47KBO05KqKtM5yP-A4Q_jKpy5rQSxEXGbFehIvXpC_dzr-IhnQHUc3EIyuZu0FO9jmPTDbqIGpGrrMGUVNmjx0BLZsd4WLBz3p62BSWJGgoT4i0f1aNLiy64CzODqJQWCkknCejURg2w0HEvbXL7QSw-vdXqfmGqJKQJEc9rDJqoOO0198tssNqTkCTZFjfrQ2rhwua5CvhPs8BEvzLa-GsFrtcsqgMFL5rwzOgz1StLWqXh3ZQAWSdMZT-7DVx9gMz1-U-Efgs3Pd-e2FNBM3v_jJL4_abGw5ovufaVqpkL-DceT1gByGMyncwXtrlDvju4JwoWsgnOXM4fCXH3At_cWl-r-FlXUXcGlqH2iEJM98UyJJUP4XPBXWFVx0tt1CUzMlMCbS_B9RCbtGK_z82wJpiQB_kkS2yQl75uyFZos6rWk",
  "payload": "ewogICJjc3IiOiAiTUlIc01JR1VBZ0VBTUFBd1dUQVRCZ2NxaGtqT1BRSUJCZ2dxaGtqT1BRTUJCd05DQUFRRXVEb1FYQ3hMa1UyeHdhaDVkSEQ4WHVfRmJWVXR5WXFFNFBGdnRlTHJRbkt2eGNnTUREak9lZ0QxdVVMT2ZvRFc2ck40RGx0TUxGSE5zNlhEekN6V29ESXdNQVlKS29aSWh2Y05BUWtPTVNNd0lUQWZCZ05WSFJFRUdEQVdnaFF4TXpndU1UazVMakl4TlM0NUxtNXBjQzVwYnpBS0JnZ3Foa2pPUFFRREFnTkhBREJFQWlCZEZsNHVlTXRsNmlEUXRuZV8xQ3ItVEV1R0FGVWJBMzl6aS1IRVhHZktXQUlnWlE0am1qblplN1FQZUp0RmZoMENTV2NmbE5NS0pVajI0anlpNWJoZ3hnTSIKfQ"
}
2025-06-29 02:25:10,490:DEBUG:urllib3.connectionpool:https://acme-staging-v02.api.letsencrypt.org:443 "POST /acme/finalize/209068933/25693887853 HTTP/1.1" 200 369
2025-06-29 02:25:10,492:DEBUG:acme.client:Received response:
HTTP 200
Server: nginx
Date: Sun, 29 Jun 2025 02:25:10 GMT
Content-Type: application/json
Content-Length: 369
Connection: keep-alive
Boulder-Requester: 209068933
Cache-Control: public, max-age=0, no-cache
Link: <https://acme-staging-v02.api.letsencrypt.org/directory>;rel="index"
Location: https://acme-staging-v02.api.letsencrypt.org/acme/order/209068933/25693887853
Replay-Nonce: ucHVr3crJxNlA9tsSiuLIdbe9YY8UEE-eg2Dyf4C80hfsKXyn3c
Retry-After: 3
X-Frame-Options: DENY
Strict-Transport-Security: max-age=604800

{
  "status": "processing",
  "expires": "2025-07-06T02:25:09Z",
  "identifiers": [
    {
      "type": "dns",
      "value": "138.199.215.9.nip.io"
    }
  ],
  "authorizations": [
    "https://acme-staging-v02.api.letsencrypt.org/acme/authz/209068933/18278617823"
  ],
  "finalize": "https://acme-staging-v02.api.letsencrypt.org/acme/finalize/209068933/25693887853"
}
2025-06-29 02:25:10,493:DEBUG:acme.client:Storing nonce: ucHVr3crJxNlA9tsSiuLIdbe9YY8UEE-eg2Dyf4C80hfsKXyn3c
2025-06-29 02:25:11,494:DEBUG:acme.client:JWS payload:
b''
2025-06-29 02:25:11,510:DEBUG:acme.client:Sending POST request to https://acme-staging-v02.api.letsencrypt.org/acme/order/209068933/25693887853:
{
  "protected": "eyJhbGciOiAiUlMyNTYiLCAia2lkIjogImh0dHBzOi8vYWNtZS1zdGFnaW5nLXYwMi5hcGkubGV0c2VuY3J5cHQub3JnL2FjbWUvYWNjdC8yMDkwNjg5MzMiLCAibm9uY2UiOiAidWNIVnIzY3JKeE5sQTl0c1NpdUxJZGJlOVlZOFVFRS1lZzJEeWY0QzgwaGZzS1h5bjNjIiwgInVybCI6ICJodHRwczovL2FjbWUtc3RhZ2luZy12MDIuYXBpLmxldHNlbmNyeXB0Lm9yZy9hY21lL29yZGVyLzIwOTA2ODkzMy8yNTY5Mzg4Nzg1MyJ9",
  "signature": "T5D_yCB_ueNCPD0q-CSY8ntWIdGeRDxOL3wl5SiC0ABwXeIWpTJWp8HBeLGQg56_qcUvftDyNDud8TqRxpM7y7xkDVu6Kz_nfTZpC-6_gmf2sljqIWufl2hygz-mjht_Cshvb3a9qBtSEajWw2o2cZHxBQc-_edN17XaCVE4Un5rt1rB7PpY-EMZCVWtEIKN-7ysuz3GDfqY9uHrDO_IRM27etI_v7yc3p6pFb8PwQZ3Mrg_7ke2UnxnMP2JGnO68yXN2mPbRUXxKYhrdEad5yB5sLPUOEldEH3KbwwLlIvkG4ozDJzG8U3z1ASyNzQBPzYUZO8wa0rcTBpXF80rIMWYZ60oXqlM44D0yTEd_fBHdQDo0LMQqdZofnXKvvhGgs1fO8rdKJ-Qq0u93HvkoajjWkCBOgI6IWRB4QaCRKG0fkVisBJq6Hb-HyU6DNQpFsh75jYxbz-yEtxe6iy7cjHnNA-ZP_Uw-E7F8eY5BKOCYBspQhkGvB9PiEdCVY7O69PSaQSDcekNJHXNdm5wQCilfTzbmA-oR1pITCJwemgG9kbCmXoq44KqjKHlD4jA4Dn7rdW9jf3BwwOsPiIO-yAC1DOQsn7XCUgsb1WQMb142v4CFlJZKIWZCr3mYtbyykA6oc6oXiB3zEGrzZBJFyo0mD07T8A14SKR87yOtQ0",
  "payload": ""
}
2025-06-29 02:25:11,656:DEBUG:urllib3.connectionpool:https://acme-staging-v02.api.letsencrypt.org:443 "POST /acme/order/209068933/25693887853 HTTP/1.1" 200 476
2025-06-29 02:25:11,658:DEBUG:acme.client:Received response:
HTTP 200
Server: nginx
Date: Sun, 29 Jun 2025 02:25:11 GMT
Content-Type: application/json
Content-Length: 476
Connection: keep-alive
Cache-Control: public, max-age=0, no-cache
Link: <https://acme-staging-v02.api.letsencrypt.org/directory>;rel="index"
Location: https://acme-staging-v02.api.letsencrypt.org/acme/order/209068933/25693887853
Replay-Nonce: ucHVr3crxymYFNtW48XC4v5igyfxph_zZ-8VS4pNbSniFvHsk1s
X-Frame-Options: DENY
Strict-Transport-Security: max-age=604800

{
  "status": "valid",
  "expires": "2025-07-06T02:25:09Z",
  "identifiers": [
    {
      "type": "dns",
      "value": "138.199.215.9.nip.io"
    }
  ],
  "authorizations": [
    "https://acme-staging-v02.api.letsencrypt.org/acme/authz/209068933/18278617823"
  ],
  "finalize": "https://acme-staging-v02.api.letsencrypt.org/acme/finalize/209068933/25693887853",
  "certificate": "https://acme-staging-v02.api.letsencrypt.org/acme/cert/2c653551d26d221fbc5c33263a4d05e25787"
}
2025-06-29 02:25:11,659:DEBUG:acme.client:Storing nonce: ucHVr3crxymYFNtW48XC4v5igyfxph_zZ-8VS4pNbSniFvHsk1s
2025-06-29 02:25:11,659:DEBUG:acme.client:JWS payload:
b''
2025-06-29 02:25:11,671:DEBUG:acme.client:Sending POST request to https://acme-staging-v02.api.letsencrypt.org/acme/cert/2c653551d26d221fbc5c33263a4d05e25787:
{
  "protected": "eyJhbGciOiAiUlMyNTYiLCAia2lkIjogImh0dHBzOi8vYWNtZS1zdGFnaW5nLXYwMi5hcGkubGV0c2VuY3J5cHQub3JnL2FjbWUvYWNjdC8yMDkwNjg5MzMiLCAibm9uY2UiOiAidWNIVnIzY3J4eW1ZRk50VzQ4WEM0djVpZ3lmeHBoX3paLThWUzRwTmJTbmlGdkhzazFzIiwgInVybCI6ICJodHRwczovL2FjbWUtc3RhZ2luZy12MDIuYXBpLmxldHNlbmNyeXB0Lm9yZy9hY21lL2NlcnQvMmM2NTM1NTFkMjZkMjIxZmJjNWMzMzI2M2E0ZDA1ZTI1Nzg3In0",
  "signature": "Poe6UGS1BVz6isKShtdtcGGmARzUC3XICzsid4hDx0sXY6GQscoaWieNyph71OSPW8bjOePQl8Wy_7w_fPG735eU39ukakzLkBueyzN2Qh9Ce-HqhF00xTWIfd4kAX-2vRCg9SbYJDlyoGpsg50Sg4WjcR-DbFJLPVoakNWGBpW_supfeq9Vq3fE1nYSDE2VH6ztlkroSuy_6YhpTGeEpbtF1mTElMtFER_ObmQVM4dMZKUb0hDSl1NoZAUV9i8FnHCCJV1w4O8kfo1pBah-a4K3wEJctGQq7X2VXXqaT9xDSsYCm5YObC_D05cCKtLHJDObzJIGKdUtK7dkHKIaoOFHqDMP0jEPaCl9q5MBjWpdvdf4SrsGFesNONnBW6StSwDfZk38hvMadY7r2RiYiS3MUqmW9pbeFJ6EtDEvZdyB7gb_Yn0JHBhCaQ5HwICZlvkGi3ZHFs6OnV09-k1sWG6TVY9V-LE5xZDZIvdF-Tr6Lnnv_Vva5ZhRujq79_NLqCMZdJ8wOW4DyiAYb6bBysCKSyr6JAKIMZ98zx1WY82iVq2ueZ6iTmeGeM1BWV9C7x0gRPPh30wr9w6rt2x_Yl7MXM0oaqdOs83IV38WH3USkSE3WtmvnJ6rCHv3sfizQ-pUCcFMj2vAfnT5WeJsgvuR7BD8s7GcD3VXcyaB0U8",
  "payload": ""
}
2025-06-29 02:25:11,856:DEBUG:urllib3.connectionpool:https://acme-staging-v02.api.letsencrypt.org:443 "POST /acme/cert/2c653551d26d221fbc5c33263a4d05e25787 HTTP/1.1" 200 3019
2025-06-29 02:25:11,857:DEBUG:acme.client:Received response:
HTTP 200
Server: nginx
Date: Sun, 29 Jun 2025 02:25:11 GMT
Content-Type: application/pem-certificate-chain
Content-Length: 3019
Connection: keep-alive
Cache-Control: public, max-age=0, no-cache
Link: <https://acme-staging-v02.api.letsencrypt.org/directory>;rel="index", <https://acme-staging-v02.api.letsencrypt.org/acme/cert/2c653551d26d221fbc5c33263a4d05e25787/1>;rel="alternate"
Replay-Nonce: BaOXDhQIhhJ3LiyKtkNU6JYwyKa02MwvR5JoFbAipHvfOKVMDuY
X-Frame-Options: DENY
Strict-Transport-Security: max-age=604800

-----BEGIN CERTIFICATE-----
MIIDxDCCA0qgAwIBAgISLGU1UdJtIh+8XDMmOk0F4leHMAoGCCqGSM49BAMDMFMx
CzAJBgNVBAYTAlVTMSAwHgYDVQQKExcoU1RBR0lORykgTGV0J3MgRW5jcnlwdDEi
MCAGA1UEAxMZKFNUQUdJTkcpIEZhbHNlIEZlbm5lbCBFNjAeFw0yNTA2MjkwMTI2
NDBaFw0yNTA5MjcwMTI2MzlaMB8xHTAbBgNVBAMTFDEzOC4xOTkuMjE1Ljkubmlw
LmlvMFkwEwYHKoZIzj0CAQYIKoZIzj0DAQcDQgAEBLg6EFwsS5FNscGoeXRw/F7v
xW1VLcmKhODxb7Xi60Jyr8XIDAw4znoA9blCzn6A1uqzeA5bTCxRzbOlw8ws1qOC
AjAwggIsMA4GA1UdDwEB/wQEAwIHgDAdBgNVHSUEFjAUBggrBgEFBQcDAQYIKwYB
BQUHAwIwDAYDVR0TAQH/BAIwADAdBgNVHQ4EFgQUuQCEPMpzsi+y47vT2F7uCct1
PNMwHwYDVR0jBBgwFoAUoXQaBm1Qt4YtSizBfrSNiElszRYwNgYIKwYBBQUHAQEE
KjAoMCYGCCsGAQUFBzAChhpodHRwOi8vc3RnLWU2LmkubGVuY3Iub3JnLzAfBgNV
HREEGDAWghQxMzguMTk5LjIxNS45Lm5pcC5pbzATBgNVHSAEDDAKMAgGBmeBDAEC
ATAwBgNVHR8EKTAnMCWgI6Ahhh9odHRwOi8vc3RnLWU2LmMubGVuY3Iub3JnLzgu
Y3JsMIIBCwYKKwYBBAHWeQIEAgSB/ASB+QD3AHUAKHYaGJAn++880NYaAY12sFBX
KcenQRvMvfYE9F1CYVMAAAGXuYC5XAAABAMARjBEAiA7ukQzj685uMbUnhnG6UvW
Og12duVnBckZqvICAXGLOwIgGxGobcfTWO987SjLB8ZcDWVDlh6YWkcPXTO3XtTC
RTQAfgDk+3dKISTFhkCxgy9Qq/rchKOK7XGR7rZpIjeSy/YokQAAAZe5gLl2AAgA
AAUAApFJRQQDAEcwRQIhAPfWF058mkAPreYU3xAaM1GEROcb0+af9MpsyMSV8Cvx
AiBZ8Svq4sNez+EFQ6ONhxBTAkP7xP7zIdVAmAtnY1qrmjAKBggqhkjOPQQDAwNo
ADBlAjAMzqMDNdeGmM/SDTLRiBKlaFFMLcmKOHIyjfa4PGRvQyYfu80ibhMcUxaK
q1ZPHT0CMQCaIRMO3kBcse71e+TjarI6RF1D/Cr2rCAk3sPJ1jek+TfGu5taGyml
mSpeKAxpWD8=
-----END CERTIFICATE-----

-----BEGIN CERTIFICATE-----
MIIElzCCAn+gAwIBAgIQJtklZLQLsngwp0DD4clbajANBgkqhkiG9w0BAQsFADBm
MQswCQYDVQQGEwJVUzEzMDEGA1UEChMqKFNUQUdJTkcpIEludGVybmV0IFNlY3Vy
aXR5IFJlc2VhcmNoIEdyb3VwMSIwIAYDVQQDExkoU1RBR0lORykgUHJldGVuZCBQ
ZWFyIFgxMB4XDTI0MDMxMzAwMDAwMFoXDTI3MDMxMjIzNTk1OVowUzELMAkGA1UE
BhMCVVMxIDAeBgNVBAoTFyhTVEFHSU5HKSBMZXQncyBFbmNyeXB0MSIwIAYDVQQD
ExkoU1RBR0lORykgRmFsc2UgRmVubmVsIEU2MHYwEAYHKoZIzj0CAQYFK4EEACID
YgAE7mIshEAbfnZhXHmCLThagBq8wNKY84YkUynY83vBo8FGIFdBQ7xQV3NrPkhi
dMXyW4aQcADxF/skAnZAsvnjxR+oCnYZAtBXgeE+WFA6FE7/fr/ecbTglsAgp59e
ADZDo4IBADCB/TAOBgNVHQ8BAf8EBAMCAYYwHQYDVR0lBBYwFAYIKwYBBQUHAwIG
CCsGAQUFBwMBMBIGA1UdEwEB/wQIMAYBAf8CAQAwHQYDVR0OBBYEFKF0GgZtULeG
LUoswX60jYhJbM0WMB8GA1UdIwQYMBaAFLXzZfL+sAqSH/s8ffNEoKxjJcMUMDYG
CCsGAQUFBwEBBCowKDAmBggrBgEFBQcwAoYaaHR0cDovL3N0Zy14MS5pLmxlbmNy
Lm9yZy8wEwYDVR0gBAwwCjAIBgZngQwBAgEwKwYDVR0fBCQwIjAgoB6gHIYaaHR0
cDovL3N0Zy14MS5jLmxlbmNyLm9yZy8wDQYJKoZIhvcNAQELBQADggIBAFGjOrc+
GlZYCuxNKS9u+4l6pDux++Cg3FX3hR0QhCZPKORxnua9dJlles5NBcIf5W1Y2OW7
1El+oq+0cCS39bqfG3d+9sRbqnLlqB9xysRfpGPmY2IRQ4YFurIzurFw/TshoGGw
L74VtBgmxeO1fhP8OWJfnMB3EILdz6hxEqbQtCmU/2ejQTQEK6cQtBj33a+MUI7i
YnRP+OTL1M81tmZRkUWY7WItMGDPIabhXfHqvqYXh0huxqUDls0VjC52xpiK6e2F
+ZxouwmBwQlxSL9pJWMvhRGJdFCIBulQPm/0tbt2seBxkFKWIYmouDh+28swkTSl
f8mV0KGmEVmPka5CQkgSg4btNHUoZ1xwt++f4N12AapSfPDYVyJ69c9fw+kbFTFa
9G1keN75SIJovWWhy4XUEcGkInDM4GyyEff1kpeEeZaOQZe2UojnptfmqLf0qDj6
n02ABUdDiHhQT7Za634b0pxKAPXW2pSFflrGZc2e+pKpIG4ui/80uq8AGybeHda1
Dl7iS2Msv4wpBii4j1Qs8gXAb7yI9ozS2weCmu5oqDN4SnYZBYoirT8seUia62aw
XMVzkkQUsjRQz2oqQsTUZxtDuIU0VCNYPY0UgeSLjdzo+cUIbaoO6M8rAK42tq/1
jJ+0RltUFPHxLXxi0LIAV0tFJxEJVUbpv7Nt
-----END CERTIFICATE-----

2025-06-29 02:25:11,858:DEBUG:acme.client:Storing nonce: BaOXDhQIhhJ3LiyKtkNU6JYwyKa02MwvR5JoFbAipHvfOKVMDuY
2025-06-29 02:25:11,862:DEBUG:certbot._internal.storage:Writing new private key to /etc/letsencrypt/archive/138.199.215.9.nip.io-0001/privkey2.pem.
2025-06-29 02:25:11,863:DEBUG:certbot._internal.storage:Writing certificate to /etc/letsencrypt/archive/138.199.215.9.nip.io-0001/cert2.pem.
2025-06-29 02:25:11,864:DEBUG:certbot._internal.storage:Writing chain to /etc/letsencrypt/archive/138.199.215.9.nip.io-0001/chain2.pem.
2025-06-29 02:25:11,864:DEBUG:certbot._internal.storage:Writing full chain to /etc/letsencrypt/archive/138.199.215.9.nip.io-0001/fullchain2.pem.
2025-06-29 02:25:11,885:DEBUG:certbot.configuration:Var account=627109248bff31f371030b8194f1bdce (set by user).
2025-06-29 02:25:11,885:DEBUG:certbot.configuration:Var rsa_key_size=4096 (set by user).
2025-06-29 02:25:11,885:DEBUG:certbot.configuration:Var server=https://acme-staging-v02.api.letsencrypt.org/directory (set by user).
2025-06-29 02:25:11,886:DEBUG:certbot._internal.plugins.selection:Requested authenticator webroot and installer None
2025-06-29 02:25:11,886:DEBUG:certbot._internal.plugins.selection:Requested authenticator webroot and installer None
2025-06-29 02:25:11,886:DEBUG:certbot.configuration:Var webroot_path=['/var/www/certbot'] (set by user).
2025-06-29 02:25:11,886:DEBUG:certbot.configuration:Var webroot_path=['/var/www/certbot'] (set by user).
2025-06-29 02:25:11,886:DEBUG:certbot.configuration:Var webroot_map={'webroot_path'} (set by user).
2025-06-29 02:25:11,887:DEBUG:certbot._internal.storage:Writing new config /etc/letsencrypt/renewal/138.199.215.9.nip.io-0001.conf.new.
2025-06-29 02:25:11,889:DEBUG:certbot._internal.display.obj:Notifying user: 
Successfully received certificate.
Certificate is saved at: /etc/letsencrypt/live/138.199.215.9.nip.io-0001/fullchain.pem
Key is saved at:         /etc/letsencrypt/live/138.199.215.9.nip.io-0001/privkey.pem
This certificate expires on 2025-09-27.
These files will be updated when the certificate renews.
2025-06-29 02:25:11,890:DEBUG:certbot._internal.display.obj:Notifying user: NEXT STEPS:
2025-06-29 02:25:11,890:DEBUG:certbot._internal.display.obj:Notifying user: - The certificate will need to be renewed before it expires. Certbot can automatically renew the certificate in the background, but you may need to take steps to enable that functionality. See https://certbot.org/renewal-setup for instructions.
